<?xml version="1.0" encoding="UTF-8"?>
<!-- Generated by org.testng.reporters.JUnitReportReporter -->
<testsuite hostname="DESKTOP-VV0NNBG" failures="0" tests="1" name="X_YUG.Mobile_Application_Development" time="56.689" errors="0" timestamp="2024-06-14T11:12:34 IST" skipped="0">
  <testcase classname="X_YUG.Mobile_Application_Development" name="mobile" time="56.689"/>
  <system-out/>
</testsuite> <!-- X_YUG.Mobile_Application_Development -->
