<?xml version="1.0" encoding="UTF-8"?>
<!-- Generated by org.testng.reporters.JUnitReportReporter -->
<testsuite hostname="DESKTOP-VV0NNBG" failures="0" tests="1" name="X_YUG.Software_Development" time="58.696" errors="0" timestamp="2024-06-14T11:12:34 IST" skipped="0">
  <testcase classname="X_YUG.Software_Development" name="clickReadMore" time="58.696"/>
  <system-out/>
</testsuite> <!-- X_YUG.Software_Development -->
