<?xml version="1.0" encoding="UTF-8"?>
<!-- Generated by org.testng.reporters.JUnitReportReporter -->
<testsuite hostname="DESKTOP-VV0NNBG" failures="0" tests="1" name="GoldBharath_LoginOperation" time="7.620" errors="0" timestamp="2024-06-04T15:41:18 IST" skipped="0">
  <testcase classname="GoldBharath_LoginOperation" name="login" time="7.620"/>
  <system-out/>
</testsuite> <!-- GoldBharath_LoginOperation -->
